  Mesh.cpp
  Spider.cpp
D:\Git\Projekat_iz_grafike\RG178-a-fly\VSProject\Projekat_iz_grafike\Spider.cpp(15120,1): warning C4305: 'initializing': truncation from 'double' to 'const float'
D:\Git\Projekat_iz_grafike\RG178-a-fly\VSProject\Projekat_iz_grafike\Spider.cpp(30237,1): warning C4305: 'initializing': truncation from 'double' to 'const float'
D:\Git\Projekat_iz_grafike\RG178-a-fly\VSProject\Projekat_iz_grafike\Spider.cpp(45354,1): warning C4305: 'initializing': truncation from 'double' to 'const float'
  OBJParser.cpp
D:\Git\Projekat_iz_grafike\RG178-a-fly\VSProject\Projekat_iz_grafike\OBJParser.cpp(131,31): warning C4244: '=': conversion from 'float' to 'int', possible loss of data
  Projekat_iz_grafike.cpp
  Generating code
  Previous IPDB not found, fall back to full compilation.
  All 931 functions were compiled because no usable IPDB/IOBJ from previous compilation was found.
  Finished generating code
glut32.lib(glut32.dll) : error LNK2026: module unsafe for SAFESEH image.
glut32.lib(glut32.dll) : error LNK2026: module unsafe for SAFESEH image.
glut32.lib(glut32.dll) : error LNK2026: module unsafe for SAFESEH image.
glut32.lib(glut32.dll) : error LNK2026: module unsafe for SAFESEH image.
glut32.lib(glut32.dll) : error LNK2026: module unsafe for SAFESEH image.
glut32.lib(glut32.dll) : error LNK2026: module unsafe for SAFESEH image.
glut32.lib(glut32.dll) : error LNK2026: module unsafe for SAFESEH image.
glut32.lib(glut32.dll) : error LNK2026: module unsafe for SAFESEH image.
glut32.lib(glut32.dll) : error LNK2026: module unsafe for SAFESEH image.
glut32.lib(glut32.dll) : error LNK2026: module unsafe for SAFESEH image.
glut32.lib(glut32.dll) : error LNK2026: module unsafe for SAFESEH image.
glut32.lib(glut32.dll) : error LNK2026: module unsafe for SAFESEH image.
glut32.lib(glut32.dll) : error LNK2026: module unsafe for SAFESEH image.
glut32.lib(glut32.dll) : error LNK2026: module unsafe for SAFESEH image.
D:\Git\Projekat_iz_grafike\RG178-a-fly\VSProject\Release\Projekat_iz_grafike.exe : fatal error LNK1281: Unable to generate SAFESEH image.
